<?xml version="1.0" encoding="UTF-8"?>
<!-- Generated by org.testng.reporters.JUnitXMLReporter -->
<testsuite hostname="Vinayak-LP" name="Test" tests="5" failures="1" timestamp="2 Aug 2018 11:01:49 GMT" time="91.3" errors="0">
  <testcase name="login" time="21.628" classname="MB.testcases.PropertySearchTest"/>
  <testcase name="searchproperty" time="32.701" classname="MB.testcases.PropertySearchTest"/>
  <testcase name="verifyBHKResult" time="11.995" classname="MB.testcases.PropertySearchTest"/>
  <testcase name="verifySocietyResult" time="9.993" classname="MB.testcases.PropertySearchTest"/>
  <testcase name="verifyPriceResult" time="12.538" classname="MB.testcases.PropertySearchTest">
    <failure type="java.lang.AssertionError" message="The following asserts failed:
	expected [true] but found [false]">
      <![CDATA[java.lang.AssertionError: The following asserts failed:
	expected [true] but found [false]
	at MB.pages.SearchResultPage.verifyPrice(SearchResultPage.java:131)
	at MB.testcases.PropertySearchTest.verifyPriceResult(PropertySearchTest.java:99)
... Removed 25 stack frames]]>
    </failure>
  </testcase> <!-- verifyPriceResult -->
</testsuite> <!-- Test -->
